# JRE version: OpenJDK Runtime Environment (8.0_242-b01) (build 1.8.0_242-release-1644-b01)
# Java VM: OpenJDK 64-Bit Server VM (25.242-b01 mixed mode windows-amd64 compressed oops)
Heap:
 PSYoungGen      total 450048K, used 441419K [0x00000000e0000000, 0x0000000100000000, 0x0000000100000000)
  eden space 402432K, 97% used [0x00000000e0000000,0x00000000f809a530,0x00000000f8900000)
  from space 47616K, 99% used [0x00000000fcd00000,0x00000000ffb78a08,0x00000000ffb80000)
  to   space 60928K, 0% used [0x00000000f8900000,0x00000000f8900000,0x00000000fc480000)
 ParOldGen       total 615936K, used 532300K [0x00000000a0000000, 0x00000000c5980000, 0x00000000e0000000)
  object space 615936K, 86% used [0x00000000a0000000,0x00000000c07d3258,0x00000000c5980000)
 Metaspace       used 81604K, capacity 87310K, committed 87592K, reserved 1124352K
  class space    used 11026K, capacity 12020K, committed 12080K, reserved 1048576K
GC Heap History (10 events):
Event: 49.250 GC heap before
{Heap before GC invocations=71 (full 7):
 PSYoungGen      total 460800K, used 431008K [0x00000000e0000000, 0x00000000ffa80000, 0x0000000100000000)
  eden space 404992K, 100% used [0x00000000e0000000,0x00000000f8b80000,0x00000000f8b80000)
  from space 55808K, 46% used [0x00000000f8b80000,0x00000000fa4e8060,0x00000000fc200000)
  to   space 53760K, 0% used [0x00000000fc600000,0x00000000fc600000,0x00000000ffa80000)
 ParOldGen       total 615936K, used 503817K [0x00000000a0000000, 0x00000000c5980000, 0x00000000e0000000)
  object space 615936K, 81% used [0x00000000a0000000,0x00000000bec02778,0x00000000c5980000)
 Metaspace       used 80981K, capacity 86458K, committed 86696K, reserved 1124352K
  class space    used 10956K, capacity 11950K, committed 11952K, reserved 1048576K
Event: 49.266 GC heap after
Heap after GC invocations=71 (full 7):
 PSYoungGen      total 466432K, used 25712K [0x00000000e0000000, 0x00000000ffb00000, 0x0000000100000000)
  eden space 412672K, 0% used [0x00000000e0000000,0x00000000e0000000,0x00000000f9300000)
  from space 53760K, 47% used [0x00000000fc600000,0x00000000fdf1c070,0x00000000ffa80000)
  to   space 52224K, 0% used [0x00000000f9300000,0x00000000f9300000,0x00000000fc600000)
 ParOldGen       total 615936K, used 505425K [0x00000000a0000000, 0x00000000c5980000, 0x00000000e0000000)
  object space 615936K, 82% used [0x00000000a0000000,0x00000000bed94778,0x00000000c5980000)
 Metaspace       used 80981K, capacity 86458K, committed 86696K, reserved 1124352K
  class space    used 10956K, capacity 11950K, committed 11952K, reserved 1048576K
}
Event: 49.668 GC heap before
{Heap before GC invocations=72 (full 7):
 PSYoungGen      total 466432K, used 438384K [0x00000000e0000000, 0x00000000ffb00000, 0x0000000100000000)
  eden space 412672K, 100% used [0x00000000e0000000,0x00000000f9300000,0x00000000f9300000)
  from space 53760K, 47% used [0x00000000fc600000,0x00000000fdf1c070,0x00000000ffa80000)
  to   space 52224K, 0% used [0x00000000f9300000,0x00000000f9300000,0x00000000fc600000)
 ParOldGen       total 615936K, used 505425K [0x00000000a0000000, 0x00000000c5980000, 0x00000000e0000000)
  object space 615936K, 82% used [0x00000000a0000000,0x00000000bed94778,0x00000000c5980000)
 Metaspace       used 80981K, capacity 86458K, committed 86696K, reserved 1124352K
  class space    used 10956K, capacity 11950K, committed 11952K, reserved 1048576K
Event: 49.684 GC heap after
Heap after GC invocations=72 (full 7):
 PSYoungGen      total 464896K, used 25360K [0x00000000e0000000, 0x00000000ffb80000, 0x0000000100000000)
  eden space 412672K, 0% used [0x00000000e0000000,0x00000000e0000000,0x00000000f9300000)
  from space 52224K, 48% used [0x00000000f9300000,0x00000000fabc4060,0x00000000fc600000)
  to   space 50688K, 0% used [0x00000000fca00000,0x00000000fca00000,0x00000000ffb80000)
 ParOldGen       total 615936K, used 507421K [0x00000000a0000000, 0x00000000c5980000, 0x00000000e0000000)
  object space 615936K, 82% used [0x00000000a0000000,0x00000000bef877f8,0x00000000c5980000)
 Metaspace       used 80981K, capacity 86458K, committed 86696K, reserved 1124352K
  class space    used 10956K, capacity 11950K, committed 11952K, reserved 1048576K
}
Event: 50.006 GC heap before
{Heap before GC invocations=73 (full 7):
 PSYoungGen      total 464896K, used 438032K [0x00000000e0000000, 0x00000000ffb80000, 0x0000000100000000)
  eden space 412672K, 100% used [0x00000000e0000000,0x00000000f9300000,0x00000000f9300000)
  from space 52224K, 48% used [0x00000000f9300000,0x00000000fabc4060,0x00000000fc600000)
  to   space 50688K, 0% used [0x00000000fca00000,0x00000000fca00000,0x00000000ffb80000)
 ParOldGen       total 615936K, used 507421K [0x00000000a0000000, 0x00000000c5980000, 0x00000000e0000000)
  object space 615936K, 82% used [0x00000000a0000000,0x00000000bef877f8,0x00000000c5980000)
 Metaspace       used 80982K, capacity 86458K, committed 86696K, reserved 1124352K
  class space    used 10956K, capacity 11950K, committed 11952K, reserved 1048576K
Event: 50.020 GC heap after
Heap after GC invocations=73 (full 7):
 PSYoungGen      total 470528K, used 24512K [0x00000000e0000000, 0x00000000ffb80000, 0x0000000100000000)
  eden space 419840K, 0% used [0x00000000e0000000,0x00000000e0000000,0x00000000f9a00000)
  from space 50688K, 48% used [0x00000000fca00000,0x00000000fe1f0050,0x00000000ffb80000)
  to   space 49152K, 0% used [0x00000000f9a00000,0x00000000f9a00000,0x00000000fca00000)
 ParOldGen       total 615936K, used 509227K [0x00000000a0000000, 0x00000000c5980000, 0x00000000e0000000)
  object space 615936K, 82% used [0x00000000a0000000,0x00000000bf14af20,0x00000000c5980000)
 Metaspace       used 80982K, capacity 86458K, committed 86696K, reserved 1124352K
  class space    used 10956K, capacity 11950K, committed 11952K, reserved 1048576K
}
Event: 50.444 GC heap before
{Heap before GC invocations=74 (full 7):
 PSYoungGen      total 470528K, used 444352K [0x00000000e0000000, 0x00000000ffb80000, 0x0000000100000000)
  eden space 419840K, 100% used [0x00000000e0000000,0x00000000f9a00000,0x00000000f9a00000)
  from space 50688K, 48% used [0x00000000fca00000,0x00000000fe1f0050,0x00000000ffb80000)
  to   space 49152K, 0% used [0x00000000f9a00000,0x00000000f9a00000,0x00000000fca00000)
 ParOldGen       total 615936K, used 509227K [0x00000000a0000000, 0x00000000c5980000, 0x00000000e0000000)
  object space 615936K, 82% used [0x00000000a0000000,0x00000000bf14af20,0x00000000c5980000)
 Metaspace       used 80984K, capacity 86458K, committed 86696K, reserved 1124352K
  class space    used 10956K, capacity 11950K, committed 11952K, reserved 1048576K
Event: 50.458 GC heap after
Heap after GC invocations=74 (full 7):
 PSYoungGen      total 468992K, used 23664K [0x00000000e0000000, 0x00000000ffb80000, 0x0000000100000000)
  eden space 419840K, 0% used [0x00000000e0000000,0x00000000e0000000,0x00000000f9a00000)
  from space 49152K, 48% used [0x00000000f9a00000,0x00000000fb11c060,0x00000000fca00000)
  to   space 47616K, 0% used [0x00000000fcd00000,0x00000000fcd00000,0x00000000ffb80000)
 ParOldGen       total 615936K, used 510939K [0x00000000a0000000, 0x00000000c5980000, 0x00000000e0000000)
  object space 615936K, 82% used [0x00000000a0000000,0x00000000bf2f6f20,0x00000000c5980000)
 Metaspace       used 80984K, capacity 86458K, committed 86696K, reserved 1124352K
  class space    used 10956K, capacity 11950K, committed 11952K, reserved 1048576K
}
Event: 51.240 GC heap before
{Heap before GC invocations=75 (full 7):
 PSYoungGen      total 468992K, used 443504K [0x00000000e0000000, 0x00000000ffb80000, 0x0000000100000000)
  eden space 419840K, 100% used [0x00000000e0000000,0x00000000f9a00000,0x00000000f9a00000)
  from space 49152K, 48% used [0x00000000f9a00000,0x00000000fb11c060,0x00000000fca00000)
  to   space 47616K, 0% used [0x00000000fcd00000,0x00000000fcd00000,0x00000000ffb80000)
 ParOldGen       total 615936K, used 510939K [0x00000000a0000000, 0x00000000c5980000, 0x00000000e0000000)
  object space 615936K, 82% used [0x00000000a0000000,0x00000000bf2f6f20,0x00000000c5980000)
 Metaspace       used 81130K, capacity 86666K, committed 86824K, reserved 1124352K
  class space    used 10971K, capacity 11966K, committed 12080K, reserved 1048576K
Event: 51.270 GC heap after
Heap after GC invocations=75 (full 7):
 PSYoungGen      total 450048K, used 47586K [0x00000000e0000000, 0x0000000100000000, 0x0000000100000000)
  eden space 402432K, 0% used [0x00000000e0000000,0x00000000e0000000,0x00000000f8900000)
  from space 47616K, 99% used [0x00000000fcd00000,0x00000000ffb78a08,0x00000000ffb80000)
  to   space 60928K, 0% used [0x00000000f8900000,0x00000000f8900000,0x00000000fc480000)
 ParOldGen       total 615936K, used 532300K [0x00000000a0000000, 0x00000000c5980000, 0x00000000e0000000)
  object space 615936K, 86% used [0x00000000a0000000,0x00000000c07d3258,0x00000000c5980000)
 Metaspace       used 81130K, capacity 86666K, committed 86824K, reserved 1124352K
  class space    used 10971K, capacity 11966K, committed 12080K, reserved 1048576K
}

